<?xml version="1.0" encoding="UTF-8"?>
<testng-results ignored="0" total="1" passed="1" failed="0" skipped="0">
  <reporter-output>
    <line>
      <![CDATA[execution started]]>
    </line>
    <line>
      <![CDATA[execution completed]]>
    </line>
  </reporter-output>
  <suite started-at="2023-06-05T16:06:25 IST" name="Default suite" finished-at="2023-06-05T16:07:45 IST" duration-ms="80881">
    <groups>
    </groups>
    <test started-at="2023-06-05T16:06:25 IST" name="Default test" finished-at="2023-06-05T16:07:45 IST" duration-ms="80881">
      <class name="TestCase.TC2_CreateCustomer">
        <test-method is-config="true" signature="executionStart()[pri:0, instance:TestCase.TC2_CreateCustomer@654f0d9c]" started-at="2023-06-05T16:06:24 IST" name="executionStart" finished-at="2023-06-05T16:06:25 IST" duration-ms="29" status="PASS">
          <reporter-output>
            <line>
              <![CDATA[execution started]]>
            </line>
          </reporter-output>
        </test-method> <!-- executionStart -->
        <test-method is-config="true" signature="setup()[pri:0, instance:TestCase.TC2_CreateCustomer@654f0d9c]" started-at="2023-06-05T16:06:25 IST" name="setup" finished-at="2023-06-05T16:07:13 IST" duration-ms="48099" status="PASS">
          <reporter-output>
          </reporter-output>
        </test-method> <!-- setup -->
        <test-method signature="createCustomer()[pri:0, instance:TestCase.TC2_CreateCustomer@654f0d9c]" started-at="2023-06-05T16:07:13 IST" name="createCustomer" finished-at="2023-06-05T16:07:45 IST" duration-ms="32513" status="PASS">
          <reporter-output>
          </reporter-output>
        </test-method> <!-- createCustomer -->
        <test-method is-config="true" signature="teardown()[pri:0, instance:TestCase.TC2_CreateCustomer@654f0d9c]" started-at="2023-06-05T16:07:45 IST" name="teardown" finished-at="2023-06-05T16:07:45 IST" duration-ms="1" status="PASS">
          <reporter-output>
          </reporter-output>
        </test-method> <!-- teardown -->
        <test-method is-config="true" signature="executioncomplete()[pri:0, instance:TestCase.TC2_CreateCustomer@654f0d9c]" started-at="2023-06-05T16:07:46 IST" name="executioncomplete" finished-at="2023-06-05T16:07:46 IST" duration-ms="1" status="PASS">
          <reporter-output>
            <line>
              <![CDATA[execution completed]]>
            </line>
          </reporter-output>
        </test-method> <!-- executioncomplete -->
      </class> <!-- TestCase.TC2_CreateCustomer -->
    </test> <!-- Default test -->
  </suite> <!-- Default suite -->
</testng-results>
